<?xml version="1.0" encoding="UTF-8"?>
<!-- Generated by org.testng.reporters.JUnitXMLReporter -->
<testsuite ignored="2" hostname="LAPTOP-36O6IBO3" failures="0" tests="1" name="Default test" time="0.878" errors="0" timestamp="2022-06-22T11:45:37 UYT">
  <testcase classname="Edit.Proyect123mvd.Abercrombie1" name="RegistroUsuarioCorrecto" time="0.831"/>
  <testcase classname="Edit.Proyect123mvd.Abercrombie1" name="BuscarArticulo" time="0.0">
    <ignored/>
  </testcase> <!-- BuscarArticulo -->
  <testcase classname="Edit.Proyect123mvd.Abercrombie1" name="IngresoUsuario" time="0.0">
    <ignored/>
  </testcase> <!-- IngresoUsuario -->
</testsuite> <!-- Default test -->
