<?xml version="1.0" encoding="UTF-8"?>
<testng-results ignored="2" total="3" passed="1" failed="0" skipped="0">
  <reporter-output>
  </reporter-output>
  <suite started-at="2022-06-22T11:45:36 UYT" name="Default suite" finished-at="2022-06-22T11:45:37 UYT" duration-ms="878">
    <groups>
    </groups>
    <test started-at="2022-06-22T11:45:36 UYT" name="Default test" finished-at="2022-06-22T11:45:37 UYT" duration-ms="878">
      <class name="Edit.Proyect123mvd.Abercrombie1">
        <test-method is-config="true" signature="abrirPagina()[pri:0, instance:Edit.Proyect123mvd.Abercrombie1@131774fe]" started-at="2022-06-22T11:45:26 UYT" name="abrirPagina" finished-at="2022-06-22T11:45:36 UYT" duration-ms="9760" status="PASS">
          <reporter-output>
          </reporter-output>
        </test-method> <!-- abrirPagina -->
        <test-method signature="RegistroUsuarioCorrecto()[pri:0, instance:Edit.Proyect123mvd.Abercrombie1@131774fe]" started-at="2022-06-22T11:45:36 UYT" name="RegistroUsuarioCorrecto" finished-at="2022-06-22T11:45:37 UYT" duration-ms="831" status="PASS">
          <reporter-output>
          </reporter-output>
        </test-method> <!-- RegistroUsuarioCorrecto -->
      </class> <!-- Edit.Proyect123mvd.Abercrombie1 -->
    </test> <!-- Default test -->
  </suite> <!-- Default suite -->
</testng-results>
